<?xml version="1.0" encoding="UTF-8"?>
<coverage generated="1687799311062" clover="3.2.0">
  <project timestamp="1687799311062" name="All files">
    <metrics statements="77" coveredstatements="77" conditionals="25" coveredconditionals="25" methods="21" coveredmethods="21" elements="123" coveredelements="123" complexity="0" loc="77" ncloc="77" packages="2" files="7" classes="7"/>
    <package name="src">
      <metrics statements="29" coveredstatements="29" conditionals="11" coveredconditionals="11" methods="6" coveredmethods="6"/>
      <file name="buildDiff.js" path="/Users/rosscoglione/Desktop/frontend-project-46/src/buildDiff.js">
        <metrics statements="14" coveredstatements="14" conditionals="10" coveredconditionals="10" methods="2" coveredmethods="2"/>
        <line num="3" count="1" type="stmt"/>
        <line num="4" count="30" type="stmt"/>
        <line num="6" count="30" type="stmt"/>
        <line num="7" count="108" type="cond" truecount="2" falsecount="0"/>
        <line num="8" count="30" type="stmt"/>
        <line num="11" count="78" type="cond" truecount="2" falsecount="0"/>
        <line num="12" count="12" type="stmt"/>
        <line num="15" count="66" type="cond" truecount="2" falsecount="0"/>
        <line num="16" count="18" type="stmt"/>
        <line num="19" count="48" type="cond" truecount="4" falsecount="0"/>
        <line num="20" count="24" type="stmt"/>
        <line num="23" count="24" type="stmt"/>
        <line num="26" count="30" type="stmt"/>
        <line num="27" count="30" type="stmt"/>
      </file>
      <file name="index.js" path="/Users/rosscoglione/Desktop/frontend-project-46/src/index.js">
        <metrics statements="12" coveredstatements="12" conditionals="1" coveredconditionals="1" methods="3" coveredmethods="3"/>
        <line num="7" count="12" type="stmt"/>
        <line num="8" count="12" type="stmt"/>
        <line num="10" count="1" type="cond" truecount="1" falsecount="0"/>
        <line num="11" count="6" type="stmt"/>
        <line num="12" count="6" type="stmt"/>
        <line num="14" count="6" type="stmt"/>
        <line num="15" count="6" type="stmt"/>
        <line num="17" count="6" type="stmt"/>
        <line num="18" count="6" type="stmt"/>
        <line num="20" count="6" type="stmt"/>
        <line num="22" count="6" type="stmt"/>
        <line num="23" count="6" type="stmt"/>
      </file>
      <file name="parsers.js" path="/Users/rosscoglione/Desktop/frontend-project-46/src/parsers.js">
        <metrics statements="3" coveredstatements="3" conditionals="0" coveredconditionals="0" methods="1" coveredmethods="1"/>
        <line num="3" count="1" type="stmt"/>
        <line num="4" count="12" type="stmt"/>
        <line num="9" count="12" type="stmt"/>
      </file>
    </package>
    <package name="src.formatters">
      <metrics statements="48" coveredstatements="48" conditionals="14" coveredconditionals="14" methods="15" coveredmethods="15"/>
      <file name="index.js" path="/Users/rosscoglione/Desktop/frontend-project-46/src/formatters/index.js">
        <metrics statements="3" coveredstatements="3" conditionals="0" coveredconditionals="0" methods="1" coveredmethods="1"/>
        <line num="5" count="1" type="stmt"/>
        <line num="6" count="6" type="stmt"/>
        <line num="11" count="6" type="stmt"/>
      </file>
      <file name="json.js" path="/Users/rosscoglione/Desktop/frontend-project-46/src/formatters/json.js">
        <metrics statements="2" coveredstatements="2" conditionals="0" coveredconditionals="0" methods="1" coveredmethods="1"/>
        <line num="1" count="1" type="stmt"/>
        <line num="2" count="2" type="stmt"/>
      </file>
      <file name="plain.js" path="/Users/rosscoglione/Desktop/frontend-project-46/src/formatters/plain.js">
        <metrics statements="21" coveredstatements="21" conditionals="9" coveredconditionals="9" methods="4" coveredmethods="4"/>
        <line num="3" count="1" type="stmt"/>
        <line num="4" count="26" type="cond" truecount="2" falsecount="0"/>
        <line num="5" count="14" type="stmt"/>
        <line num="7" count="12" type="cond" truecount="2" falsecount="0"/>
        <line num="8" count="6" type="stmt"/>
        <line num="10" count="6" type="stmt"/>
        <line num="13" count="1" type="cond" truecount="1" falsecount="0"/>
        <line num="14" count="36" type="stmt"/>
        <line num="16" count="10" type="stmt"/>
        <line num="17" count="30" type="stmt"/>
        <line num="18" count="30" type="stmt"/>
        <line num="19" count="30" type="cond" truecount="4" falsecount="0"/>
        <line num="21" count="10" type="stmt"/>
        <line num="22" count="10" type="stmt"/>
        <line num="25" count="4" type="stmt"/>
        <line num="27" count="8" type="stmt"/>
        <line num="28" count="8" type="stmt"/>
        <line num="29" count="8" type="stmt"/>
        <line num="30" count="8" type="stmt"/>
        <line num="33" count="8" type="stmt"/>
        <line num="36" count="10" type="stmt"/>
      </file>
      <file name="stylish.js" path="/Users/rosscoglione/Desktop/frontend-project-46/src/formatters/stylish.js">
        <metrics statements="22" coveredstatements="22" conditionals="5" coveredconditionals="5" methods="9" coveredmethods="9"/>
        <line num="3" count="1" type="stmt"/>
        <line num="4" count="62" type="stmt"/>
        <line num="5" count="24" type="stmt"/>
        <line num="6" count="62" type="stmt"/>
        <line num="7" count="24" type="stmt"/>
        <line num="9" count="1" type="stmt"/>
        <line num="10" count="54" type="cond" truecount="2" falsecount="0"/>
        <line num="11" count="40" type="stmt"/>
        <line num="14" count="14" type="stmt"/>
        <line num="15" count="18" type="stmt"/>
        <line num="16" count="14" type="stmt"/>
        <line num="17" count="14" type="stmt"/>
        <line num="20" count="1" type="stmt"/>
        <line num="21" count="10" type="stmt"/>
        <line num="23" count="10" type="stmt"/>
        <line num="24" count="36" type="cond" truecount="3" falsecount="0"/>
        <line num="26" count="8" type="stmt"/>
        <line num="28" count="8" type="stmt"/>
        <line num="31" count="20" type="stmt"/>
        <line num="34" count="10" type="stmt"/>
        <line num="35" count="10" type="stmt"/>
        <line num="37" count="2" type="stmt"/>
      </file>
    </package>
  </project>
</coverage>
