{"/Users/rosscoglione/Desktop/frontend-project-46/src/buildDiff.js": {"path":"/Users/rosscoglione/Desktop/frontend-project-46/src/buildDiff.js","statementMap":{"0":{"start":{"line":3,"column":18},"end":{"line":28,"column":1}},"1":{"start":{"line":4,"column":21},"end":{"line":4,"column":68}},"2":{"start":{"line":6,"column":22},"end":{"line":24,"column":3}},"3":{"start":{"line":7,"column":4},"end":{"line":9,"column":5}},"4":{"start":{"line":8,"column":6},"end":{"line":8,"column":56}},"5":{"start":{"line":11,"column":4},"end":{"line":13,"column":5}},"6":{"start":{"line":12,"column":6},"end":{"line":12,"column":58}},"7":{"start":{"line":15,"column":4},"end":{"line":17,"column":5}},"8":{"start":{"line":16,"column":6},"end":{"line":16,"column":60}},"9":{"start":{"line":19,"column":4},"end":{"line":21,"column":5}},"10":{"start":{"line":20,"column":6},"end":{"line":20,"column":81}},"11":{"start":{"line":23,"column":4},"end":{"line":23,"column":92}},"12":{"start":{"line":26,"column":20},"end":{"line":26,"column":51}},"13":{"start":{"line":27,"column":2},"end":{"line":27,"column":19}}},"fnMap":{"0":{"name":"(anonymous_0)","decl":{"start":{"line":3,"column":18},"end":{"line":3,"column":19}},"loc":{"start":{"line":3,"column":36},"end":{"line":28,"column":1}},"line":3},"1":{"name":"(anonymous_1)","decl":{"start":{"line":6,"column":22},"end":{"line":6,"column":23}},"loc":{"start":{"line":6,"column":31},"end":{"line":24,"column":3}},"line":6}},"branchMap":{"0":{"loc":{"start":{"line":7,"column":4},"end":{"line":9,"column":5}},"type":"if","locations":[{"start":{"line":7,"column":4},"end":{"line":9,"column":5}},{"start":{},"end":{}}],"line":7},"1":{"loc":{"start":{"line":11,"column":4},"end":{"line":13,"column":5}},"type":"if","locations":[{"start":{"line":11,"column":4},"end":{"line":13,"column":5}},{"start":{},"end":{}}],"line":11},"2":{"loc":{"start":{"line":15,"column":4},"end":{"line":17,"column":5}},"type":"if","locations":[{"start":{"line":15,"column":4},"end":{"line":17,"column":5}},{"start":{},"end":{}}],"line":15},"3":{"loc":{"start":{"line":19,"column":4},"end":{"line":21,"column":5}},"type":"if","locations":[{"start":{"line":19,"column":4},"end":{"line":21,"column":5}},{"start":{},"end":{}}],"line":19},"4":{"loc":{"start":{"line":19,"column":8},"end":{"line":19,"column":56}},"type":"binary-expr","locations":[{"start":{"line":19,"column":8},"end":{"line":19,"column":30}},{"start":{"line":19,"column":34},"end":{"line":19,"column":56}}],"line":19}},"s":{"0":1,"1":30,"2":30,"3":108,"4":30,"5":78,"6":12,"7":66,"8":18,"9":48,"10":24,"11":24,"12":30,"13":30},"f":{"0":30,"1":108},"b":{"0":[30,78],"1":[12,66],"2":[18,48],"3":[24,24],"4":[48,30]},"_coverageSchema":"1a1c01bbd47fc00a2c39e90264f33305004495a9","hash":"129927ff61ca8ea848d4b57d36b68bb98281c861"}
,"/Users/rosscoglione/Desktop/frontend-project-46/src/index.js": {"path":"/Users/rosscoglione/Desktop/frontend-project-46/src/index.js","statementMap":{"0":{"start":{"line":7,"column":16},"end":{"line":7,"column":59}},"1":{"start":{"line":7,"column":26},"end":{"line":7,"column":59}},"2":{"start":{"line":8,"column":18},"end":{"line":8,"column":55}},"3":{"start":{"line":8,"column":28},"end":{"line":8,"column":55}},"4":{"start":{"line":10,"column":15},"end":{"line":24,"column":1}},"5":{"start":{"line":11,"column":16},"end":{"line":11,"column":30}},"6":{"start":{"line":12,"column":16},"end":{"line":12,"column":30}},"7":{"start":{"line":14,"column":26},"end":{"line":14,"column":42}},"8":{"start":{"line":15,"column":26},"end":{"line":15,"column":42}},"9":{"start":{"line":17,"column":16},"end":{"line":17,"column":59}},"10":{"start":{"line":18,"column":16},"end":{"line":18,"column":59}},"11":{"start":{"line":20,"column":15},"end":{"line":20,"column":38}},"12":{"start":{"line":22,"column":23},"end":{"line":22,"column":50}},"13":{"start":{"line":23,"column":2},"end":{"line":23,"column":22}}},"fnMap":{"0":{"name":"(anonymous_0)","decl":{"start":{"line":7,"column":16},"end":{"line":7,"column":17}},"loc":{"start":{"line":7,"column":26},"end":{"line":7,"column":59}},"line":7},"1":{"name":"(anonymous_1)","decl":{"start":{"line":8,"column":18},"end":{"line":8,"column":19}},"loc":{"start":{"line":8,"column":28},"end":{"line":8,"column":55}},"line":8},"2":{"name":"(anonymous_2)","decl":{"start":{"line":10,"column":15},"end":{"line":10,"column":16}},"loc":{"start":{"line":10,"column":53},"end":{"line":24,"column":1}},"line":10}},"branchMap":{"0":{"loc":{"start":{"line":10,"column":30},"end":{"line":10,"column":48}},"type":"default-arg","locations":[{"start":{"line":10,"column":39},"end":{"line":10,"column":48}}],"line":10}},"s":{"0":1,"1":12,"2":1,"3":12,"4":1,"5":6,"6":6,"7":6,"8":6,"9":6,"10":6,"11":6,"12":6,"13":6},"f":{"0":12,"1":12,"2":6},"b":{"0":[2]},"_coverageSchema":"1a1c01bbd47fc00a2c39e90264f33305004495a9","hash":"63a0f6563da57392a445d6bfc7413dbf1d5f5745"}
,"/Users/rosscoglione/Desktop/frontend-project-46/src/parsers.js": {"path":"/Users/rosscoglione/Desktop/frontend-project-46/src/parsers.js","statementMap":{"0":{"start":{"line":3,"column":14},"end":{"line":10,"column":1}},"1":{"start":{"line":4,"column":21},"end":{"line":8,"column":3}},"2":{"start":{"line":9,"column":2},"end":{"line":9,"column":34}}},"fnMap":{"0":{"name":"(anonymous_0)","decl":{"start":{"line":3,"column":14},"end":{"line":3,"column":15}},"loc":{"start":{"line":3,"column":32},"end":{"line":10,"column":1}},"line":3}},"branchMap":{},"s":{"0":1,"1":12,"2":12},"f":{"0":12},"b":{},"_coverageSchema":"1a1c01bbd47fc00a2c39e90264f33305004495a9","hash":"09219ba6fde860a713b0b3bc2b4a349060295bdb"}
,"/Users/rosscoglione/Desktop/frontend-project-46/src/formatters/index.js": {"path":"/Users/rosscoglione/Desktop/frontend-project-46/src/formatters/index.js","statementMap":{"0":{"start":{"line":5,"column":22},"end":{"line":12,"column":1}},"1":{"start":{"line":6,"column":18},"end":{"line":10,"column":3}},"2":{"start":{"line":11,"column":2},"end":{"line":11,"column":31}}},"fnMap":{"0":{"name":"(anonymous_0)","decl":{"start":{"line":5,"column":22},"end":{"line":5,"column":23}},"loc":{"start":{"line":5,"column":40},"end":{"line":12,"column":1}},"line":5}},"branchMap":{},"s":{"0":1,"1":6,"2":6},"f":{"0":6},"b":{},"_coverageSchema":"1a1c01bbd47fc00a2c39e90264f33305004495a9","hash":"63cadfc5647ecfd65c6cdc4505bc1e60d1e55a90"}
,"/Users/rosscoglione/Desktop/frontend-project-46/src/formatters/json.js": {"path":"/Users/rosscoglione/Desktop/frontend-project-46/src/formatters/json.js","statementMap":{"0":{"start":{"line":1,"column":15},"end":{"line":1,"column":16}},"1":{"start":{"line":2,"column":20},"end":{"line":2,"column":64}},"2":{"start":{"line":2,"column":30},"end":{"line":2,"column":64}}},"fnMap":{"0":{"name":"(anonymous_0)","decl":{"start":{"line":2,"column":20},"end":{"line":2,"column":21}},"loc":{"start":{"line":2,"column":30},"end":{"line":2,"column":64}},"line":2}},"branchMap":{},"s":{"0":1,"1":1,"2":2},"f":{"0":2},"b":{},"_coverageSchema":"1a1c01bbd47fc00a2c39e90264f33305004495a9","hash":"051267abbc3f548b916c5a2133d46af3b234d68e"}
,"/Users/rosscoglione/Desktop/frontend-project-46/src/formatters/plain.js": {"path":"/Users/rosscoglione/Desktop/frontend-project-46/src/formatters/plain.js","statementMap":{"0":{"start":{"line":3,"column":20},"end":{"line":11,"column":1}},"1":{"start":{"line":4,"column":2},"end":{"line":6,"column":3}},"2":{"start":{"line":5,"column":4},"end":{"line":5,"column":24}},"3":{"start":{"line":7,"column":2},"end":{"line":9,"column":3}},"4":{"start":{"line":8,"column":4},"end":{"line":8,"column":29}},"5":{"start":{"line":10,"column":2},"end":{"line":10,"column":15}},"6":{"start":{"line":13,"column":20},"end":{"line":37,"column":1}},"7":{"start":{"line":14,"column":22},"end":{"line":14,"column":71}},"8":{"start":{"line":14,"column":49},"end":{"line":14,"column":70}},"9":{"start":{"line":16,"column":16},"end":{"line":35,"column":4}},"10":{"start":{"line":17,"column":20},"end":{"line":17,"column":36}},"11":{"start":{"line":18,"column":17},"end":{"line":18,"column":34}},"12":{"start":{"line":19,"column":4},"end":{"line":34,"column":5}},"13":{"start":{"line":21,"column":20},"end":{"line":21,"column":38}},"14":{"start":{"line":22,"column":8},"end":{"line":22,"column":65}},"15":{"start":{"line":25,"column":8},"end":{"line":25,"column":48}},"16":{"start":{"line":27,"column":39},"end":{"line":27,"column":44}},"17":{"start":{"line":28,"column":23},"end":{"line":28,"column":44}},"18":{"start":{"line":29,"column":23},"end":{"line":29,"column":44}},"19":{"start":{"line":30,"column":8},"end":{"line":30,"column":77}},"20":{"start":{"line":33,"column":8},"end":{"line":33,"column":43}},"21":{"start":{"line":36,"column":2},"end":{"line":36,"column":26}}},"fnMap":{"0":{"name":"(anonymous_0)","decl":{"start":{"line":3,"column":20},"end":{"line":3,"column":21}},"loc":{"start":{"line":3,"column":31},"end":{"line":11,"column":1}},"line":3},"1":{"name":"(anonymous_1)","decl":{"start":{"line":13,"column":20},"end":{"line":13,"column":21}},"loc":{"start":{"line":13,"column":41},"end":{"line":37,"column":1}},"line":13},"2":{"name":"(anonymous_2)","decl":{"start":{"line":14,"column":34},"end":{"line":14,"column":35}},"loc":{"start":{"line":14,"column":49},"end":{"line":14,"column":70}},"line":14},"3":{"name":"(anonymous_3)","decl":{"start":{"line":16,"column":32},"end":{"line":16,"column":33}},"loc":{"start":{"line":16,"column":59},"end":{"line":35,"column":3}},"line":16}},"branchMap":{"0":{"loc":{"start":{"line":4,"column":2},"end":{"line":6,"column":3}},"type":"if","locations":[{"start":{"line":4,"column":2},"end":{"line":6,"column":3}},{"start":{},"end":{}}],"line":4},"1":{"loc":{"start":{"line":7,"column":2},"end":{"line":9,"column":3}},"type":"if","locations":[{"start":{"line":7,"column":2},"end":{"line":9,"column":3}},{"start":{},"end":{}}],"line":7},"2":{"loc":{"start":{"line":13,"column":27},"end":{"line":13,"column":36}},"type":"default-arg","locations":[{"start":{"line":13,"column":34},"end":{"line":13,"column":36}}],"line":13},"3":{"loc":{"start":{"line":19,"column":4},"end":{"line":34,"column":5}},"type":"switch","locations":[{"start":{"line":20,"column":6},"end":{"line":23,"column":7}},{"start":{"line":24,"column":6},"end":{"line":25,"column":48}},{"start":{"line":26,"column":6},"end":{"line":31,"column":7}},{"start":{"line":32,"column":6},"end":{"line":33,"column":43}}],"line":19}},"s":{"0":1,"1":26,"2":14,"3":12,"4":6,"5":6,"6":1,"7":10,"8":36,"9":10,"10":30,"11":30,"12":30,"13":10,"14":10,"15":4,"16":8,"17":8,"18":8,"19":8,"20":8,"21":10},"f":{"0":26,"1":10,"2":36,"3":30},"b":{"0":[14,12],"1":[6,6],"2":[2],"3":[10,4,8,8]},"_coverageSchema":"1a1c01bbd47fc00a2c39e90264f33305004495a9","hash":"e0b219274d6a66bd51e05a3f171d9a74015c1749"}
,"/Users/rosscoglione/Desktop/frontend-project-46/src/formatters/stylish.js": {"path":"/Users/rosscoglione/Desktop/frontend-project-46/src/formatters/stylish.js","statementMap":{"0":{"start":{"line":3,"column":15},"end":{"line":3,"column":16}},"1":{"start":{"line":4,"column":22},"end":{"line":4,"column":76}},"2":{"start":{"line":4,"column":33},"end":{"line":4,"column":76}},"3":{"start":{"line":5,"column":25},"end":{"line":5,"column":73}},"4":{"start":{"line":5,"column":36},"end":{"line":5,"column":73}},"5":{"start":{"line":6,"column":21},"end":{"line":6,"column":98}},"6":{"start":{"line":6,"column":50},"end":{"line":6,"column":98}},"7":{"start":{"line":7,"column":21},"end":{"line":7,"column":79}},"8":{"start":{"line":7,"column":38},"end":{"line":7,"column":79}},"9":{"start":{"line":9,"column":20},"end":{"line":18,"column":1}},"10":{"start":{"line":10,"column":2},"end":{"line":12,"column":3}},"11":{"start":{"line":11,"column":4},"end":{"line":11,"column":17}},"12":{"start":{"line":14,"column":18},"end":{"line":14,"column":39}},"13":{"start":{"line":15,"column":16},"end":{"line":15,"column":108}},"14":{"start":{"line":15,"column":44},"end":{"line":15,"column":107}},"15":{"start":{"line":16,"column":15},"end":{"line":16,"column":31}},"16":{"start":{"line":17,"column":2},"end":{"line":17,"column":35}},"17":{"start":{"line":20,"column":20},"end":{"line":36,"column":1}},"18":{"start":{"line":21,"column":16},"end":{"line":21,"column":63}},"19":{"start":{"line":23,"column":16},"end":{"line":33,"column":4}},"20":{"start":{"line":24,"column":4},"end":{"line":32,"column":5}},"21":{"start":{"line":26,"column":8},"end":{"line":26,"column":81}},"22":{"start":{"line":28,"column":8},"end":{"line":29,"column":93}},"23":{"start":{"line":31,"column":8},"end":{"line":31,"column":89}},"24":{"start":{"line":34,"column":15},"end":{"line":34,"column":31}},"25":{"start":{"line":35,"column":2},"end":{"line":35,"column":35}},"26":{"start":{"line":37,"column":22},"end":{"line":37,"column":52}},"27":{"start":{"line":37,"column":32},"end":{"line":37,"column":52}}},"fnMap":{"0":{"name":"(anonymous_0)","decl":{"start":{"line":4,"column":22},"end":{"line":4,"column":23}},"loc":{"start":{"line":4,"column":33},"end":{"line":4,"column":76}},"line":4},"1":{"name":"(anonymous_1)","decl":{"start":{"line":5,"column":25},"end":{"line":5,"column":26}},"loc":{"start":{"line":5,"column":36},"end":{"line":5,"column":73}},"line":5},"2":{"name":"(anonymous_2)","decl":{"start":{"line":6,"column":21},"end":{"line":6,"column":22}},"loc":{"start":{"line":6,"column":50},"end":{"line":6,"column":98}},"line":6},"3":{"name":"(anonymous_3)","decl":{"start":{"line":7,"column":21},"end":{"line":7,"column":22}},"loc":{"start":{"line":7,"column":38},"end":{"line":7,"column":79}},"line":7},"4":{"name":"(anonymous_4)","decl":{"start":{"line":9,"column":20},"end":{"line":9,"column":21}},"loc":{"start":{"line":9,"column":38},"end":{"line":18,"column":1}},"line":9},"5":{"name":"(anonymous_5)","decl":{"start":{"line":15,"column":28},"end":{"line":15,"column":29}},"loc":{"start":{"line":15,"column":44},"end":{"line":15,"column":107}},"line":15},"6":{"name":"(anonymous_6)","decl":{"start":{"line":20,"column":20},"end":{"line":20,"column":21}},"loc":{"start":{"line":20,"column":37},"end":{"line":36,"column":1}},"line":20},"7":{"name":"(anonymous_7)","decl":{"start":{"line":23,"column":29},"end":{"line":23,"column":30}},"loc":{"start":{"line":23,"column":56},"end":{"line":33,"column":3}},"line":23},"8":{"name":"(anonymous_8)","decl":{"start":{"line":37,"column":22},"end":{"line":37,"column":23}},"loc":{"start":{"line":37,"column":32},"end":{"line":37,"column":52}},"line":37}},"branchMap":{"0":{"loc":{"start":{"line":10,"column":2},"end":{"line":12,"column":3}},"type":"if","locations":[{"start":{"line":10,"column":2},"end":{"line":12,"column":3}},{"start":{},"end":{}}],"line":10},"1":{"loc":{"start":{"line":24,"column":4},"end":{"line":32,"column":5}},"type":"switch","locations":[{"start":{"line":25,"column":6},"end":{"line":26,"column":81}},{"start":{"line":27,"column":6},"end":{"line":29,"column":93}},{"start":{"line":30,"column":6},"end":{"line":31,"column":89}}],"line":24}},"s":{"0":1,"1":1,"2":62,"3":1,"4":24,"5":1,"6":62,"7":1,"8":24,"9":1,"10":54,"11":40,"12":14,"13":14,"14":18,"15":14,"16":14,"17":1,"18":10,"19":10,"20":36,"21":8,"22":8,"23":20,"24":10,"25":10,"26":1,"27":2},"f":{"0":62,"1":24,"2":62,"3":24,"4":54,"5":18,"6":10,"7":36,"8":2},"b":{"0":[40,14],"1":[8,8,20]},"_coverageSchema":"1a1c01bbd47fc00a2c39e90264f33305004495a9","hash":"29f82b7b4b844afd42124919e19703e19e7db43b"}
}
