TN:
SF:src/buildDiff.js
FN:3,(anonymous_0)
FN:6,(anonymous_1)
FNF:2
FNH:2
FNDA:30,(anonymous_0)
FNDA:108,(anonymous_1)
DA:3,1
DA:4,30
DA:6,30
DA:7,108
DA:8,30
DA:11,78
DA:12,12
DA:15,66
DA:16,18
DA:19,48
DA:20,24
DA:23,24
DA:26,30
DA:27,30
LF:14
LH:14
BRDA:7,0,0,30
BRDA:7,0,1,78
BRDA:11,1,0,12
BRDA:11,1,1,66
BRDA:15,2,0,18
BRDA:15,2,1,48
BRDA:19,3,0,24
BRDA:19,3,1,24
BRDA:19,4,0,48
BRDA:19,4,1,30
BRF:10
BRH:10
end_of_record
TN:
SF:src/index.js
FN:7,(anonymous_0)
FN:8,(anonymous_1)
FN:10,(anonymous_2)
FNF:3
FNH:3
FNDA:12,(anonymous_0)
FNDA:12,(anonymous_1)
FNDA:6,(anonymous_2)
DA:7,12
DA:8,12
DA:10,1
DA:11,6
DA:12,6
DA:14,6
DA:15,6
DA:17,6
DA:18,6
DA:20,6
DA:22,6
DA:23,6
LF:12
LH:12
BRDA:10,0,0,2
BRF:1
BRH:1
end_of_record
TN:
SF:src/parsers.js
FN:3,(anonymous_0)
FNF:1
FNH:1
FNDA:12,(anonymous_0)
DA:3,1
DA:4,12
DA:9,12
LF:3
LH:3
BRF:0
BRH:0
end_of_record
TN:
SF:src/formatters/index.js
FN:5,(anonymous_0)
FNF:1
FNH:1
FNDA:6,(anonymous_0)
DA:5,1
DA:6,6
DA:11,6
LF:3
LH:3
BRF:0
BRH:0
end_of_record
TN:
SF:src/formatters/json.js
FN:2,(anonymous_0)
FNF:1
FNH:1
FNDA:2,(anonymous_0)
DA:1,1
DA:2,2
LF:2
LH:2
BRF:0
BRH:0
end_of_record
TN:
SF:src/formatters/plain.js
FN:3,(anonymous_0)
FN:13,(anonymous_1)
FN:14,(anonymous_2)
FN:16,(anonymous_3)
FNF:4
FNH:4
FNDA:26,(anonymous_0)
FNDA:10,(anonymous_1)
FNDA:36,(anonymous_2)
FNDA:30,(anonymous_3)
DA:3,1
DA:4,26
DA:5,14
DA:7,12
DA:8,6
DA:10,6
DA:13,1
DA:14,36
DA:16,10
DA:17,30
DA:18,30
DA:19,30
DA:21,10
DA:22,10
DA:25,4
DA:27,8
DA:28,8
DA:29,8
DA:30,8
DA:33,8
DA:36,10
LF:21
LH:21
BRDA:4,0,0,14
BRDA:4,0,1,12
BRDA:7,1,0,6
BRDA:7,1,1,6
BRDA:13,2,0,2
BRDA:19,3,0,10
BRDA:19,3,1,4
BRDA:19,3,2,8
BRDA:19,3,3,8
BRF:9
BRH:9
end_of_record
TN:
SF:src/formatters/stylish.js
FN:4,(anonymous_0)
FN:5,(anonymous_1)
FN:6,(anonymous_2)
FN:7,(anonymous_3)
FN:9,(anonymous_4)
FN:15,(anonymous_5)
FN:20,(anonymous_6)
FN:23,(anonymous_7)
FN:37,(anonymous_8)
FNF:9
FNH:9
FNDA:62,(anonymous_0)
FNDA:24,(anonymous_1)
FNDA:62,(anonymous_2)
FNDA:24,(anonymous_3)
FNDA:54,(anonymous_4)
FNDA:18,(anonymous_5)
FNDA:10,(anonymous_6)
FNDA:36,(anonymous_7)
FNDA:2,(anonymous_8)
DA:3,1
DA:4,62
DA:5,24
DA:6,62
DA:7,24
DA:9,1
DA:10,54
DA:11,40
DA:14,14
DA:15,18
DA:16,14
DA:17,14
DA:20,1
DA:21,10
DA:23,10
DA:24,36
DA:26,8
DA:28,8
DA:31,20
DA:34,10
DA:35,10
DA:37,2
LF:22
LH:22
BRDA:10,0,0,40
BRDA:10,0,1,14
BRDA:24,1,0,8
BRDA:24,1,1,8
BRDA:24,1,2,20
BRF:5
BRH:5
end_of_record
